<?xml version="1.0" encoding="UTF-8"?>
<!-- Generated by org.testng.reporters.JUnitReportReporter -->
<testsuite hostname="SamsungAmd" name="com.test.TestNG1" tests="2" failures="0" timestamp="11 Feb 2014 19:48:56 GMT" time="0.031" errors="0">
  <testcase name="f" time="0.016" classname="com.test.TestNG1"/>
  <testcase name="f" time="0.015" classname="com.test.TestNG1"/>
</testsuite> <!-- com.test.TestNG1 -->
