<?xml version="1.0" encoding="UTF-8"?>
<!-- Generated by org.testng.reporters.JUnitReportReporter -->
<testsuite hostname="SamsungAmd" name="com.testng.util.StringFunctionsTest" tests="3" failures="0" timestamp="12 Feb 2014 03:02:57 GMT" time="0.026" errors="0">
  <testcase name="reverse" time="0.002" classname="com.testng.util.StringFunctionsTest"/>
  <testcase name="isAnagrm" time="0.011" classname="com.testng.util.StringFunctionsTest"/>
  <testcase name="StringFunctions" time="0.013" classname="com.testng.util.StringFunctionsTest"/>
</testsuite> <!-- com.testng.util.StringFunctionsTest -->
